<?xml version="1.0" encoding="UTF-8"?>
<testsuite xmlns:xsi="http://www.w3.org/2001/XMLSchema-instance" xsi:noNamespaceSchemaLocation="https://maven.apache.org/surefire/maven-surefire-plugin/xsd/surefire-test-report-3.0.xsd" version="3.0" name="com.minikube.sample.MinikubeSampleApplicationTests" time="4.979" tests="1" errors="0" skipped="0" failures="0">
  <properties>
    <property name="java.specification.version" value="17"/>
    <property name="sun.jnu.encoding" value="UTF-8"/>
    <property name="java.class.path" value="/home/minnu/UST/Training/PACE/SpringBoot-Sample/target/test-classes:/home/minnu/UST/Training/PACE/SpringBoot-Sample/target/classes:/home/minnu/.m2/repository/org/springframework/boot/spring-boot-starter-web/2.2.1.RELEASE/spring-boot-starter-web-2.2.1.RELEASE.jar:/home/minnu/.m2/repository/org/springframework/boot/spring-boot-starter/2.2.1.RELEASE/spring-boot-starter-2.2.1.RELEASE.jar:/home/minnu/.m2/repository/org/springframework/boot/spring-boot/2.2.1.RELEASE/spring-boot-2.2.1.RELEASE.jar:/home/minnu/.m2/repository/org/springframework/boot/spring-boot-autoconfigure/2.2.1.RELEASE/spring-boot-autoconfigure-2.2.1.RELEASE.jar:/home/minnu/.m2/repository/org/springframework/boot/spring-boot-starter-logging/2.2.1.RELEASE/spring-boot-starter-logging-2.2.1.RELEASE.jar:/home/minnu/.m2/repository/ch/qos/logback/logback-classic/1.2.3/logback-classic-1.2.3.jar:/home/minnu/.m2/repository/ch/qos/logback/logback-core/1.2.3/logback-core-1.2.3.jar:/home/minnu/.m2/repository/org/apache/logging/log4j/log4j-to-slf4j/2.12.1/log4j-to-slf4j-2.12.1.jar:/home/minnu/.m2/repository/org/apache/logging/log4j/log4j-api/2.12.1/log4j-api-2.12.1.jar:/home/minnu/.m2/repository/org/slf4j/jul-to-slf4j/1.7.29/jul-to-slf4j-1.7.29.jar:/home/minnu/.m2/repository/jakarta/annotation/jakarta.annotation-api/1.3.5/jakarta.annotation-api-1.3.5.jar:/home/minnu/.m2/repository/org/yaml/snakeyaml/1.25/snakeyaml-1.25.jar:/home/minnu/.m2/repository/org/springframework/boot/spring-boot-starter-json/2.2.1.RELEASE/spring-boot-starter-json-2.2.1.RELEASE.jar:/home/minnu/.m2/repository/com/fasterxml/jackson/core/jackson-databind/2.10.0/jackson-databind-2.10.0.jar:/home/minnu/.m2/repository/com/fasterxml/jackson/core/jackson-annotations/2.10.0/jackson-annotations-2.10.0.jar:/home/minnu/.m2/repository/com/fasterxml/jackson/core/jackson-core/2.10.0/jackson-core-2.10.0.jar:/home/minnu/.m2/repository/com/fasterxml/jackson/datatype/jackson-datatype-jdk8/2.10.0/jackson-datatype-jdk8-2.10.0.jar:/home/minnu/.m2/repository/com/fasterxml/jackson/datatype/jackson-datatype-jsr310/2.10.0/jackson-datatype-jsr310-2.10.0.jar:/home/minnu/.m2/repository/com/fasterxml/jackson/module/jackson-module-parameter-names/2.10.0/jackson-module-parameter-names-2.10.0.jar:/home/minnu/.m2/repository/org/springframework/boot/spring-boot-starter-tomcat/2.2.1.RELEASE/spring-boot-starter-tomcat-2.2.1.RELEASE.jar:/home/minnu/.m2/repository/org/apache/tomcat/embed/tomcat-embed-core/9.0.27/tomcat-embed-core-9.0.27.jar:/home/minnu/.m2/repository/org/apache/tomcat/embed/tomcat-embed-el/9.0.27/tomcat-embed-el-9.0.27.jar:/home/minnu/.m2/repository/org/apache/tomcat/embed/tomcat-embed-websocket/9.0.27/tomcat-embed-websocket-9.0.27.jar:/home/minnu/.m2/repository/org/springframework/boot/spring-boot-starter-validation/2.2.1.RELEASE/spring-boot-starter-validation-2.2.1.RELEASE.jar:/home/minnu/.m2/repository/jakarta/validation/jakarta.validation-api/2.0.1/jakarta.validation-api-2.0.1.jar:/home/minnu/.m2/repository/org/hibernate/validator/hibernate-validator/6.0.18.Final/hibernate-validator-6.0.18.Final.jar:/home/minnu/.m2/repository/org/jboss/logging/jboss-logging/3.4.1.Final/jboss-logging-3.4.1.Final.jar:/home/minnu/.m2/repository/com/fasterxml/classmate/1.5.1/classmate-1.5.1.jar:/home/minnu/.m2/repository/org/springframework/spring-web/5.2.1.RELEASE/spring-web-5.2.1.RELEASE.jar:/home/minnu/.m2/repository/org/springframework/spring-beans/5.2.1.RELEASE/spring-beans-5.2.1.RELEASE.jar:/home/minnu/.m2/repository/org/springframework/spring-webmvc/5.2.1.RELEASE/spring-webmvc-5.2.1.RELEASE.jar:/home/minnu/.m2/repository/org/springframework/spring-aop/5.2.1.RELEASE/spring-aop-5.2.1.RELEASE.jar:/home/minnu/.m2/repository/org/springframework/spring-context/5.2.1.RELEASE/spring-context-5.2.1.RELEASE.jar:/home/minnu/.m2/repository/org/springframework/spring-expression/5.2.1.RELEASE/spring-expression-5.2.1.RELEASE.jar:/home/minnu/.m2/repository/org/springframework/boot/spring-boot-starter-actuator/2.2.1.RELEASE/spring-boot-starter-actuator-2.2.1.RELEASE.jar:/home/minnu/.m2/repository/org/springframework/boot/spring-boot-actuator-autoconfigure/2.2.1.RELEASE/spring-boot-actuator-autoconfigure-2.2.1.RELEASE.jar:/home/minnu/.m2/repository/org/springframework/boot/spring-boot-actuator/2.2.1.RELEASE/spring-boot-actuator-2.2.1.RELEASE.jar:/home/minnu/.m2/repository/io/micrometer/micrometer-core/1.3.1/micrometer-core-1.3.1.jar:/home/minnu/.m2/repository/org/hdrhistogram/HdrHistogram/2.1.11/HdrHistogram-2.1.11.jar:/home/minnu/.m2/repository/org/latencyutils/LatencyUtils/2.0.3/LatencyUtils-2.0.3.jar:/home/minnu/.m2/repository/org/springframework/cloud/spring-cloud-starter-kubernetes-config/1.1.0.RELEASE/spring-cloud-starter-kubernetes-config-1.1.0.RELEASE.jar:/home/minnu/.m2/repository/org/springframework/cloud/spring-cloud-kubernetes-core/1.1.0.RELEASE/spring-cloud-kubernetes-core-1.1.0.RELEASE.jar:/home/minnu/.m2/repository/io/fabric8/kubernetes-client/4.4.1/kubernetes-client-4.4.1.jar:/home/minnu/.m2/repository/io/fabric8/kubernetes-model/4.4.1/kubernetes-model-4.4.1.jar:/home/minnu/.m2/repository/io/fabric8/kubernetes-model-common/4.4.1/kubernetes-model-common-4.4.1.jar:/home/minnu/.m2/repository/com/fasterxml/jackson/module/jackson-module-jaxb-annotations/2.10.0/jackson-module-jaxb-annotations-2.10.0.jar:/home/minnu/.m2/repository/javax/validation/validation-api/2.0.1.Final/validation-api-2.0.1.Final.jar:/home/minnu/.m2/repository/org/glassfish/javax.el/3.0.1-b11/javax.el-3.0.1-b11.jar:/home/minnu/.m2/repository/javax/annotation/javax.annotation-api/1.3.2/javax.annotation-api-1.3.2.jar:/home/minnu/.m2/repository/javax/xml/bind/jaxb-api/2.3.1/jaxb-api-2.3.1.jar:/home/minnu/.m2/repository/javax/activation/javax.activation-api/1.2.0/javax.activation-api-1.2.0.jar:/home/minnu/.m2/repository/com/squareup/okhttp3/okhttp/3.14.4/okhttp-3.14.4.jar:/home/minnu/.m2/repository/com/squareup/okio/okio/1.17.2/okio-1.17.2.jar:/home/minnu/.m2/repository/com/squareup/okhttp3/logging-interceptor/3.14.4/logging-interceptor-3.14.4.jar:/home/minnu/.m2/repository/com/fasterxml/jackson/dataformat/jackson-dataformat-yaml/2.10.0/jackson-dataformat-yaml-2.10.0.jar:/home/minnu/.m2/repository/io/fabric8/zjsonpatch/0.3.0/zjsonpatch-0.3.0.jar:/home/minnu/.m2/repository/com/github/mifmif/generex/1.0.2/generex-1.0.2.jar:/home/minnu/.m2/repository/dk/brics/automaton/automaton/1.11-8/automaton-1.11-8.jar:/home/minnu/.m2/repository/org/springframework/cloud/spring-cloud-context/2.2.0.RELEASE/spring-cloud-context-2.2.0.RELEASE.jar:/home/minnu/.m2/repository/org/springframework/security/spring-security-crypto/5.2.1.RELEASE/spring-security-crypto-5.2.1.RELEASE.jar:/home/minnu/.m2/repository/org/springframework/cloud/spring-cloud-kubernetes-config/1.1.0.RELEASE/spring-cloud-kubernetes-config-1.1.0.RELEASE.jar:/home/minnu/.m2/repository/org/springframework/security/spring-security-rsa/1.0.7.RELEASE/spring-security-rsa-1.0.7.RELEASE.jar:/home/minnu/.m2/repository/org/bouncycastle/bcpkix-jdk15on/1.60/bcpkix-jdk15on-1.60.jar:/home/minnu/.m2/repository/org/bouncycastle/bcprov-jdk15on/1.60/bcprov-jdk15on-1.60.jar:/home/minnu/.m2/repository/org/projectlombok/lombok/1.18.34/lombok-1.18.34.jar:/home/minnu/.m2/repository/org/springframework/boot/spring-boot-starter-test/2.2.1.RELEASE/spring-boot-starter-test-2.2.1.RELEASE.jar:/home/minnu/.m2/repository/org/springframework/boot/spring-boot-test/2.2.1.RELEASE/spring-boot-test-2.2.1.RELEASE.jar:/home/minnu/.m2/repository/org/springframework/boot/spring-boot-test-autoconfigure/2.2.1.RELEASE/spring-boot-test-autoconfigure-2.2.1.RELEASE.jar:/home/minnu/.m2/repository/com/jayway/jsonpath/json-path/2.4.0/json-path-2.4.0.jar:/home/minnu/.m2/repository/net/minidev/json-smart/2.3/json-smart-2.3.jar:/home/minnu/.m2/repository/net/minidev/accessors-smart/1.2/accessors-smart-1.2.jar:/home/minnu/.m2/repository/org/ow2/asm/asm/5.0.4/asm-5.0.4.jar:/home/minnu/.m2/repository/org/slf4j/slf4j-api/1.7.29/slf4j-api-1.7.29.jar:/home/minnu/.m2/repository/jakarta/xml/bind/jakarta.xml.bind-api/2.3.2/jakarta.xml.bind-api-2.3.2.jar:/home/minnu/.m2/repository/jakarta/activation/jakarta.activation-api/1.2.1/jakarta.activation-api-1.2.1.jar:/home/minnu/.m2/repository/org/junit/jupiter/junit-jupiter/5.5.2/junit-jupiter-5.5.2.jar:/home/minnu/.m2/repository/org/junit/jupiter/junit-jupiter-api/5.5.2/junit-jupiter-api-5.5.2.jar:/home/minnu/.m2/repository/org/opentest4j/opentest4j/1.2.0/opentest4j-1.2.0.jar:/home/minnu/.m2/repository/org/junit/platform/junit-platform-commons/1.5.2/junit-platform-commons-1.5.2.jar:/home/minnu/.m2/repository/org/junit/jupiter/junit-jupiter-params/5.5.2/junit-jupiter-params-5.5.2.jar:/home/minnu/.m2/repository/org/junit/jupiter/junit-jupiter-engine/5.5.2/junit-jupiter-engine-5.5.2.jar:/home/minnu/.m2/repository/org/junit/vintage/junit-vintage-engine/5.5.2/junit-vintage-engine-5.5.2.jar:/home/minnu/.m2/repository/org/apiguardian/apiguardian-api/1.1.0/apiguardian-api-1.1.0.jar:/home/minnu/.m2/repository/org/junit/platform/junit-platform-engine/1.5.2/junit-platform-engine-1.5.2.jar:/home/minnu/.m2/repository/junit/junit/4.12/junit-4.12.jar:/home/minnu/.m2/repository/org/mockito/mockito-junit-jupiter/3.1.0/mockito-junit-jupiter-3.1.0.jar:/home/minnu/.m2/repository/org/assertj/assertj-core/3.13.2/assertj-core-3.13.2.jar:/home/minnu/.m2/repository/org/hamcrest/hamcrest/2.1/hamcrest-2.1.jar:/home/minnu/.m2/repository/org/mockito/mockito-core/3.1.0/mockito-core-3.1.0.jar:/home/minnu/.m2/repository/net/bytebuddy/byte-buddy/1.10.2/byte-buddy-1.10.2.jar:/home/minnu/.m2/repository/net/bytebuddy/byte-buddy-agent/1.10.2/byte-buddy-agent-1.10.2.jar:/home/minnu/.m2/repository/org/objenesis/objenesis/2.6/objenesis-2.6.jar:/home/minnu/.m2/repository/org/skyscreamer/jsonassert/1.5.0/jsonassert-1.5.0.jar:/home/minnu/.m2/repository/com/vaadin/external/google/android-json/0.0.20131108.vaadin1/android-json-0.0.20131108.vaadin1.jar:/home/minnu/.m2/repository/org/springframework/spring-core/5.2.1.RELEASE/spring-core-5.2.1.RELEASE.jar:/home/minnu/.m2/repository/org/springframework/spring-jcl/5.2.1.RELEASE/spring-jcl-5.2.1.RELEASE.jar:/home/minnu/.m2/repository/org/springframework/spring-test/5.2.1.RELEASE/spring-test-5.2.1.RELEASE.jar:/home/minnu/.m2/repository/org/xmlunit/xmlunit-core/2.6.3/xmlunit-core-2.6.3.jar:/home/minnu/.m2/repository/org/springframework/security/spring-security-test/5.2.1.RELEASE/spring-security-test-5.2.1.RELEASE.jar:/home/minnu/.m2/repository/org/springframework/security/spring-security-core/5.2.1.RELEASE/spring-security-core-5.2.1.RELEASE.jar:/home/minnu/.m2/repository/org/springframework/security/spring-security-web/5.2.1.RELEASE/spring-security-web-5.2.1.RELEASE.jar:"/>
    <property name="java.vm.vendor" value="Ubuntu"/>
    <property name="sun.arch.data.model" value="64"/>
    <property name="java.vendor.url" value="https://ubuntu.com/"/>
    <property name="user.timezone" value="Asia/Kolkata"/>
    <property name="os.name" value="Linux"/>
    <property name="java.vm.specification.version" value="17"/>
    <property name="sun.java.launcher" value="SUN_STANDARD"/>
    <property name="user.country" value="US"/>
    <property name="sun.boot.library.path" value="/usr/lib/jvm/java-17-openjdk-amd64/lib"/>
    <property name="sun.java.command" value="/home/minnu/UST/Training/PACE/SpringBoot-Sample/target/surefire/surefirebooter-20251020092507077_3.jar /home/minnu/UST/Training/PACE/SpringBoot-Sample/target/surefire 2025-10-20T09-25-02_336-jvmRun1 surefire-20251020092507077_1tmp surefire_0-20251020092507077_2tmp"/>
    <property name="jdk.debug" value="release"/>
    <property name="surefire.test.class.path" value="/home/minnu/UST/Training/PACE/SpringBoot-Sample/target/test-classes:/home/minnu/UST/Training/PACE/SpringBoot-Sample/target/classes:/home/minnu/.m2/repository/org/springframework/boot/spring-boot-starter-web/2.2.1.RELEASE/spring-boot-starter-web-2.2.1.RELEASE.jar:/home/minnu/.m2/repository/org/springframework/boot/spring-boot-starter/2.2.1.RELEASE/spring-boot-starter-2.2.1.RELEASE.jar:/home/minnu/.m2/repository/org/springframework/boot/spring-boot/2.2.1.RELEASE/spring-boot-2.2.1.RELEASE.jar:/home/minnu/.m2/repository/org/springframework/boot/spring-boot-autoconfigure/2.2.1.RELEASE/spring-boot-autoconfigure-2.2.1.RELEASE.jar:/home/minnu/.m2/repository/org/springframework/boot/spring-boot-starter-logging/2.2.1.RELEASE/spring-boot-starter-logging-2.2.1.RELEASE.jar:/home/minnu/.m2/repository/ch/qos/logback/logback-classic/1.2.3/logback-classic-1.2.3.jar:/home/minnu/.m2/repository/ch/qos/logback/logback-core/1.2.3/logback-core-1.2.3.jar:/home/minnu/.m2/repository/org/apache/logging/log4j/log4j-to-slf4j/2.12.1/log4j-to-slf4j-2.12.1.jar:/home/minnu/.m2/repository/org/apache/logging/log4j/log4j-api/2.12.1/log4j-api-2.12.1.jar:/home/minnu/.m2/repository/org/slf4j/jul-to-slf4j/1.7.29/jul-to-slf4j-1.7.29.jar:/home/minnu/.m2/repository/jakarta/annotation/jakarta.annotation-api/1.3.5/jakarta.annotation-api-1.3.5.jar:/home/minnu/.m2/repository/org/yaml/snakeyaml/1.25/snakeyaml-1.25.jar:/home/minnu/.m2/repository/org/springframework/boot/spring-boot-starter-json/2.2.1.RELEASE/spring-boot-starter-json-2.2.1.RELEASE.jar:/home/minnu/.m2/repository/com/fasterxml/jackson/core/jackson-databind/2.10.0/jackson-databind-2.10.0.jar:/home/minnu/.m2/repository/com/fasterxml/jackson/core/jackson-annotations/2.10.0/jackson-annotations-2.10.0.jar:/home/minnu/.m2/repository/com/fasterxml/jackson/core/jackson-core/2.10.0/jackson-core-2.10.0.jar:/home/minnu/.m2/repository/com/fasterxml/jackson/datatype/jackson-datatype-jdk8/2.10.0/jackson-datatype-jdk8-2.10.0.jar:/home/minnu/.m2/repository/com/fasterxml/jackson/datatype/jackson-datatype-jsr310/2.10.0/jackson-datatype-jsr310-2.10.0.jar:/home/minnu/.m2/repository/com/fasterxml/jackson/module/jackson-module-parameter-names/2.10.0/jackson-module-parameter-names-2.10.0.jar:/home/minnu/.m2/repository/org/springframework/boot/spring-boot-starter-tomcat/2.2.1.RELEASE/spring-boot-starter-tomcat-2.2.1.RELEASE.jar:/home/minnu/.m2/repository/org/apache/tomcat/embed/tomcat-embed-core/9.0.27/tomcat-embed-core-9.0.27.jar:/home/minnu/.m2/repository/org/apache/tomcat/embed/tomcat-embed-el/9.0.27/tomcat-embed-el-9.0.27.jar:/home/minnu/.m2/repository/org/apache/tomcat/embed/tomcat-embed-websocket/9.0.27/tomcat-embed-websocket-9.0.27.jar:/home/minnu/.m2/repository/org/springframework/boot/spring-boot-starter-validation/2.2.1.RELEASE/spring-boot-starter-validation-2.2.1.RELEASE.jar:/home/minnu/.m2/repository/jakarta/validation/jakarta.validation-api/2.0.1/jakarta.validation-api-2.0.1.jar:/home/minnu/.m2/repository/org/hibernate/validator/hibernate-validator/6.0.18.Final/hibernate-validator-6.0.18.Final.jar:/home/minnu/.m2/repository/org/jboss/logging/jboss-logging/3.4.1.Final/jboss-logging-3.4.1.Final.jar:/home/minnu/.m2/repository/com/fasterxml/classmate/1.5.1/classmate-1.5.1.jar:/home/minnu/.m2/repository/org/springframework/spring-web/5.2.1.RELEASE/spring-web-5.2.1.RELEASE.jar:/home/minnu/.m2/repository/org/springframework/spring-beans/5.2.1.RELEASE/spring-beans-5.2.1.RELEASE.jar:/home/minnu/.m2/repository/org/springframework/spring-webmvc/5.2.1.RELEASE/spring-webmvc-5.2.1.RELEASE.jar:/home/minnu/.m2/repository/org/springframework/spring-aop/5.2.1.RELEASE/spring-aop-5.2.1.RELEASE.jar:/home/minnu/.m2/repository/org/springframework/spring-context/5.2.1.RELEASE/spring-context-5.2.1.RELEASE.jar:/home/minnu/.m2/repository/org/springframework/spring-expression/5.2.1.RELEASE/spring-expression-5.2.1.RELEASE.jar:/home/minnu/.m2/repository/org/springframework/boot/spring-boot-starter-actuator/2.2.1.RELEASE/spring-boot-starter-actuator-2.2.1.RELEASE.jar:/home/minnu/.m2/repository/org/springframework/boot/spring-boot-actuator-autoconfigure/2.2.1.RELEASE/spring-boot-actuator-autoconfigure-2.2.1.RELEASE.jar:/home/minnu/.m2/repository/org/springframework/boot/spring-boot-actuator/2.2.1.RELEASE/spring-boot-actuator-2.2.1.RELEASE.jar:/home/minnu/.m2/repository/io/micrometer/micrometer-core/1.3.1/micrometer-core-1.3.1.jar:/home/minnu/.m2/repository/org/hdrhistogram/HdrHistogram/2.1.11/HdrHistogram-2.1.11.jar:/home/minnu/.m2/repository/org/latencyutils/LatencyUtils/2.0.3/LatencyUtils-2.0.3.jar:/home/minnu/.m2/repository/org/springframework/cloud/spring-cloud-starter-kubernetes-config/1.1.0.RELEASE/spring-cloud-starter-kubernetes-config-1.1.0.RELEASE.jar:/home/minnu/.m2/repository/org/springframework/cloud/spring-cloud-kubernetes-core/1.1.0.RELEASE/spring-cloud-kubernetes-core-1.1.0.RELEASE.jar:/home/minnu/.m2/repository/io/fabric8/kubernetes-client/4.4.1/kubernetes-client-4.4.1.jar:/home/minnu/.m2/repository/io/fabric8/kubernetes-model/4.4.1/kubernetes-model-4.4.1.jar:/home/minnu/.m2/repository/io/fabric8/kubernetes-model-common/4.4.1/kubernetes-model-common-4.4.1.jar:/home/minnu/.m2/repository/com/fasterxml/jackson/module/jackson-module-jaxb-annotations/2.10.0/jackson-module-jaxb-annotations-2.10.0.jar:/home/minnu/.m2/repository/javax/validation/validation-api/2.0.1.Final/validation-api-2.0.1.Final.jar:/home/minnu/.m2/repository/org/glassfish/javax.el/3.0.1-b11/javax.el-3.0.1-b11.jar:/home/minnu/.m2/repository/javax/annotation/javax.annotation-api/1.3.2/javax.annotation-api-1.3.2.jar:/home/minnu/.m2/repository/javax/xml/bind/jaxb-api/2.3.1/jaxb-api-2.3.1.jar:/home/minnu/.m2/repository/javax/activation/javax.activation-api/1.2.0/javax.activation-api-1.2.0.jar:/home/minnu/.m2/repository/com/squareup/okhttp3/okhttp/3.14.4/okhttp-3.14.4.jar:/home/minnu/.m2/repository/com/squareup/okio/okio/1.17.2/okio-1.17.2.jar:/home/minnu/.m2/repository/com/squareup/okhttp3/logging-interceptor/3.14.4/logging-interceptor-3.14.4.jar:/home/minnu/.m2/repository/com/fasterxml/jackson/dataformat/jackson-dataformat-yaml/2.10.0/jackson-dataformat-yaml-2.10.0.jar:/home/minnu/.m2/repository/io/fabric8/zjsonpatch/0.3.0/zjsonpatch-0.3.0.jar:/home/minnu/.m2/repository/com/github/mifmif/generex/1.0.2/generex-1.0.2.jar:/home/minnu/.m2/repository/dk/brics/automaton/automaton/1.11-8/automaton-1.11-8.jar:/home/minnu/.m2/repository/org/springframework/cloud/spring-cloud-context/2.2.0.RELEASE/spring-cloud-context-2.2.0.RELEASE.jar:/home/minnu/.m2/repository/org/springframework/security/spring-security-crypto/5.2.1.RELEASE/spring-security-crypto-5.2.1.RELEASE.jar:/home/minnu/.m2/repository/org/springframework/cloud/spring-cloud-kubernetes-config/1.1.0.RELEASE/spring-cloud-kubernetes-config-1.1.0.RELEASE.jar:/home/minnu/.m2/repository/org/springframework/security/spring-security-rsa/1.0.7.RELEASE/spring-security-rsa-1.0.7.RELEASE.jar:/home/minnu/.m2/repository/org/bouncycastle/bcpkix-jdk15on/1.60/bcpkix-jdk15on-1.60.jar:/home/minnu/.m2/repository/org/bouncycastle/bcprov-jdk15on/1.60/bcprov-jdk15on-1.60.jar:/home/minnu/.m2/repository/org/projectlombok/lombok/1.18.34/lombok-1.18.34.jar:/home/minnu/.m2/repository/org/springframework/boot/spring-boot-starter-test/2.2.1.RELEASE/spring-boot-starter-test-2.2.1.RELEASE.jar:/home/minnu/.m2/repository/org/springframework/boot/spring-boot-test/2.2.1.RELEASE/spring-boot-test-2.2.1.RELEASE.jar:/home/minnu/.m2/repository/org/springframework/boot/spring-boot-test-autoconfigure/2.2.1.RELEASE/spring-boot-test-autoconfigure-2.2.1.RELEASE.jar:/home/minnu/.m2/repository/com/jayway/jsonpath/json-path/2.4.0/json-path-2.4.0.jar:/home/minnu/.m2/repository/net/minidev/json-smart/2.3/json-smart-2.3.jar:/home/minnu/.m2/repository/net/minidev/accessors-smart/1.2/accessors-smart-1.2.jar:/home/minnu/.m2/repository/org/ow2/asm/asm/5.0.4/asm-5.0.4.jar:/home/minnu/.m2/repository/org/slf4j/slf4j-api/1.7.29/slf4j-api-1.7.29.jar:/home/minnu/.m2/repository/jakarta/xml/bind/jakarta.xml.bind-api/2.3.2/jakarta.xml.bind-api-2.3.2.jar:/home/minnu/.m2/repository/jakarta/activation/jakarta.activation-api/1.2.1/jakarta.activation-api-1.2.1.jar:/home/minnu/.m2/repository/org/junit/jupiter/junit-jupiter/5.5.2/junit-jupiter-5.5.2.jar:/home/minnu/.m2/repository/org/junit/jupiter/junit-jupiter-api/5.5.2/junit-jupiter-api-5.5.2.jar:/home/minnu/.m2/repository/org/opentest4j/opentest4j/1.2.0/opentest4j-1.2.0.jar:/home/minnu/.m2/repository/org/junit/platform/junit-platform-commons/1.5.2/junit-platform-commons-1.5.2.jar:/home/minnu/.m2/repository/org/junit/jupiter/junit-jupiter-params/5.5.2/junit-jupiter-params-5.5.2.jar:/home/minnu/.m2/repository/org/junit/jupiter/junit-jupiter-engine/5.5.2/junit-jupiter-engine-5.5.2.jar:/home/minnu/.m2/repository/org/junit/vintage/junit-vintage-engine/5.5.2/junit-vintage-engine-5.5.2.jar:/home/minnu/.m2/repository/org/apiguardian/apiguardian-api/1.1.0/apiguardian-api-1.1.0.jar:/home/minnu/.m2/repository/org/junit/platform/junit-platform-engine/1.5.2/junit-platform-engine-1.5.2.jar:/home/minnu/.m2/repository/junit/junit/4.12/junit-4.12.jar:/home/minnu/.m2/repository/org/mockito/mockito-junit-jupiter/3.1.0/mockito-junit-jupiter-3.1.0.jar:/home/minnu/.m2/repository/org/assertj/assertj-core/3.13.2/assertj-core-3.13.2.jar:/home/minnu/.m2/repository/org/hamcrest/hamcrest/2.1/hamcrest-2.1.jar:/home/minnu/.m2/repository/org/mockito/mockito-core/3.1.0/mockito-core-3.1.0.jar:/home/minnu/.m2/repository/net/bytebuddy/byte-buddy/1.10.2/byte-buddy-1.10.2.jar:/home/minnu/.m2/repository/net/bytebuddy/byte-buddy-agent/1.10.2/byte-buddy-agent-1.10.2.jar:/home/minnu/.m2/repository/org/objenesis/objenesis/2.6/objenesis-2.6.jar:/home/minnu/.m2/repository/org/skyscreamer/jsonassert/1.5.0/jsonassert-1.5.0.jar:/home/minnu/.m2/repository/com/vaadin/external/google/android-json/0.0.20131108.vaadin1/android-json-0.0.20131108.vaadin1.jar:/home/minnu/.m2/repository/org/springframework/spring-core/5.2.1.RELEASE/spring-core-5.2.1.RELEASE.jar:/home/minnu/.m2/repository/org/springframework/spring-jcl/5.2.1.RELEASE/spring-jcl-5.2.1.RELEASE.jar:/home/minnu/.m2/repository/org/springframework/spring-test/5.2.1.RELEASE/spring-test-5.2.1.RELEASE.jar:/home/minnu/.m2/repository/org/xmlunit/xmlunit-core/2.6.3/xmlunit-core-2.6.3.jar:/home/minnu/.m2/repository/org/springframework/security/spring-security-test/5.2.1.RELEASE/spring-security-test-5.2.1.RELEASE.jar:/home/minnu/.m2/repository/org/springframework/security/spring-security-core/5.2.1.RELEASE/spring-security-core-5.2.1.RELEASE.jar:/home/minnu/.m2/repository/org/springframework/security/spring-security-web/5.2.1.RELEASE/spring-security-web-5.2.1.RELEASE.jar:"/>
    <property name="sun.cpu.endian" value="little"/>
    <property name="user.home" value="/home/minnu"/>
    <property name="user.language" value="en"/>
    <property name="java.specification.vendor" value="Oracle Corporation"/>
    <property name="java.version.date" value="2025-07-15"/>
    <property name="java.home" value="/usr/lib/jvm/java-17-openjdk-amd64"/>
    <property name="file.separator" value="/"/>
    <property name="basedir" value="/home/minnu/UST/Training/PACE/SpringBoot-Sample"/>
    <property name="java.vm.compressedOopsMode" value="32-bit"/>
    <property name="line.separator" value="&#10;"/>
    <property name="java.specification.name" value="Java Platform API Specification"/>
    <property name="java.vm.specification.vendor" value="Oracle Corporation"/>
    <property name="java.awt.headless" value="true"/>
    <property name="surefire.real.class.path" value="/home/minnu/UST/Training/PACE/SpringBoot-Sample/target/surefire/surefirebooter-20251020092507077_3.jar"/>
    <property name="sun.management.compiler" value="HotSpot 64-Bit Tiered Compilers"/>
    <property name="java.runtime.version" value="17.0.16+8-Ubuntu-0ubuntu124.04.1"/>
    <property name="user.name" value="minnu"/>
    <property name="path.separator" value=":"/>
    <property name="os.version" value="6.8.0-79-generic"/>
    <property name="java.runtime.name" value="OpenJDK Runtime Environment"/>
    <property name="file.encoding" value="UTF-8"/>
    <property name="spring.beaninfo.ignore" value="true"/>
    <property name="java.vm.name" value="OpenJDK 64-Bit Server VM"/>
    <property name="localRepository" value="/home/minnu/.m2/repository"/>
    <property name="java.vendor.url.bug" value="https://bugs.launchpad.net/ubuntu/+source/openjdk-17"/>
    <property name="java.io.tmpdir" value="/tmp"/>
    <property name="java.version" value="17.0.16"/>
    <property name="user.dir" value="/home/minnu/UST/Training/PACE/SpringBoot-Sample"/>
    <property name="os.arch" value="amd64"/>
    <property name="java.vm.specification.name" value="Java Virtual Machine Specification"/>
    <property name="PID" value="50904"/>
    <property name="native.encoding" value="UTF-8"/>
    <property name="java.library.path" value="/usr/java/packages/lib:/usr/lib/x86_64-linux-gnu/jni:/lib/x86_64-linux-gnu:/usr/lib/x86_64-linux-gnu:/usr/lib/jni:/lib:/usr/lib"/>
    <property name="java.vm.info" value="mixed mode, sharing"/>
    <property name="java.vendor" value="Ubuntu"/>
    <property name="java.vm.version" value="17.0.16+8-Ubuntu-0ubuntu124.04.1"/>
    <property name="java.specification.maintenance.version" value="1"/>
    <property name="sun.io.unicode.encoding" value="UnicodeLittle"/>
    <property name="java.class.version" value="61.0"/>
  </properties>
  <testcase name="contextLoads" classname="com.minikube.sample.MinikubeSampleApplicationTests" time="0.328">
    <system-out><![CDATA[09:25:07.868 [main] DEBUG org.springframework.test.context.junit4.SpringJUnit4ClassRunner - SpringJUnit4ClassRunner constructor called with [class com.minikube.sample.MinikubeSampleApplicationTests]
09:25:07.875 [main] DEBUG org.springframework.test.context.BootstrapUtils - Instantiating CacheAwareContextLoaderDelegate from class [org.springframework.test.context.cache.DefaultCacheAwareContextLoaderDelegate]
09:25:07.885 [main] DEBUG org.springframework.test.context.BootstrapUtils - Instantiating BootstrapContext using constructor [public org.springframework.test.context.support.DefaultBootstrapContext(java.lang.Class,org.springframework.test.context.CacheAwareContextLoaderDelegate)]
09:25:07.959 [main] DEBUG org.springframework.test.context.BootstrapUtils - Instantiating TestContextBootstrapper for test class [com.minikube.sample.MinikubeSampleApplicationTests] from class [org.springframework.boot.test.context.SpringBootTestContextBootstrapper]
09:25:07.987 [main] INFO org.springframework.boot.test.context.SpringBootTestContextBootstrapper - Neither @ContextConfiguration nor @ContextHierarchy found for test class [com.minikube.sample.MinikubeSampleApplicationTests], using SpringBootContextLoader
09:25:07.995 [main] DEBUG org.springframework.test.context.support.AbstractContextLoader - Did not detect default resource location for test class [com.minikube.sample.MinikubeSampleApplicationTests]: class path resource [com/minikube/sample/MinikubeSampleApplicationTests-context.xml] does not exist
09:25:07.996 [main] DEBUG org.springframework.test.context.support.AbstractContextLoader - Did not detect default resource location for test class [com.minikube.sample.MinikubeSampleApplicationTests]: class path resource [com/minikube/sample/MinikubeSampleApplicationTestsContext.groovy] does not exist
09:25:07.997 [main] INFO org.springframework.test.context.support.AbstractContextLoader - Could not detect default resource locations for test class [com.minikube.sample.MinikubeSampleApplicationTests]: no resource found for suffixes {-context.xml, Context.groovy}.
09:25:07.998 [main] INFO org.springframework.test.context.support.AnnotationConfigContextLoaderUtils - Could not detect default configuration classes for test class [com.minikube.sample.MinikubeSampleApplicationTests]: MinikubeSampleApplicationTests does not declare any static, non-private, non-final, nested classes annotated with @Configuration.
09:25:08.060 [main] DEBUG org.springframework.test.context.support.ActiveProfilesUtils - Could not find an 'annotation declaring class' for annotation type [org.springframework.test.context.ActiveProfiles] and class [com.minikube.sample.MinikubeSampleApplicationTests]
09:25:08.151 [main] DEBUG org.springframework.context.annotation.ClassPathScanningCandidateComponentProvider - Identified candidate component class: file [/home/minnu/UST/Training/PACE/SpringBoot-Sample/target/classes/com/minikube/sample/MinikubeSampleApplication.class]
09:25:08.154 [main] INFO org.springframework.boot.test.context.SpringBootTestContextBootstrapper - Found @SpringBootConfiguration com.minikube.sample.MinikubeSampleApplication for test class com.minikube.sample.MinikubeSampleApplicationTests
09:25:08.272 [main] DEBUG org.springframework.boot.test.context.SpringBootTestContextBootstrapper - @TestExecutionListeners is not present for class [com.minikube.sample.MinikubeSampleApplicationTests]: using defaults.
09:25:08.272 [main] INFO org.springframework.boot.test.context.SpringBootTestContextBootstrapper - Loaded default TestExecutionListener class names from location [META-INF/spring.factories]: [org.springframework.boot.test.mock.mockito.MockitoTestExecutionListener, org.springframework.boot.test.mock.mockito.ResetMocksTestExecutionListener, org.springframework.boot.test.autoconfigure.restdocs.RestDocsTestExecutionListener, org.springframework.boot.test.autoconfigure.web.client.MockRestServiceServerResetTestExecutionListener, org.springframework.boot.test.autoconfigure.web.servlet.MockMvcPrintOnlyOnFailureTestExecutionListener, org.springframework.boot.test.autoconfigure.web.servlet.WebDriverTestExecutionListener, org.springframework.test.context.web.ServletTestExecutionListener, org.springframework.test.context.support.DirtiesContextBeforeModesTestExecutionListener, org.springframework.test.context.support.DependencyInjectionTestExecutionListener, org.springframework.test.context.support.DirtiesContextTestExecutionListener, org.springframework.test.context.transaction.TransactionalTestExecutionListener, org.springframework.test.context.jdbc.SqlScriptsTestExecutionListener, org.springframework.test.context.event.EventPublishingTestExecutionListener, org.springframework.security.test.context.support.WithSecurityContextTestExecutionListener, org.springframework.security.test.context.support.ReactorContextTestExecutionListener]
09:25:08.285 [main] DEBUG org.springframework.boot.test.context.SpringBootTestContextBootstrapper - Skipping candidate TestExecutionListener [org.springframework.test.context.transaction.TransactionalTestExecutionListener] due to a missing dependency. Specify custom listener classes or make the default listener classes and their required dependencies available. Offending class: [org/springframework/transaction/interceptor/TransactionAttributeSource]
09:25:08.286 [main] DEBUG org.springframework.boot.test.context.SpringBootTestContextBootstrapper - Skipping candidate TestExecutionListener [org.springframework.test.context.jdbc.SqlScriptsTestExecutionListener] due to a missing dependency. Specify custom listener classes or make the default listener classes and their required dependencies available. Offending class: [org/springframework/transaction/interceptor/TransactionAttribute]
09:25:08.288 [main] INFO org.springframework.boot.test.context.SpringBootTestContextBootstrapper - Using TestExecutionListeners: [org.springframework.test.context.web.ServletTestExecutionListener@e3b3b2f, org.springframework.test.context.support.DirtiesContextBeforeModesTestExecutionListener@50f6ac94, org.springframework.boot.test.mock.mockito.MockitoTestExecutionListener@6cc4cdb9, org.springframework.boot.test.autoconfigure.SpringBootDependencyInjectionTestExecutionListener@28194a50, org.springframework.test.context.support.DirtiesContextTestExecutionListener@7f2cfe3f, org.springframework.test.context.event.EventPublishingTestExecutionListener@1a5b6f42, org.springframework.security.test.context.support.WithSecurityContextTestExecutionListener@5038d0b5, org.springframework.security.test.context.support.ReactorContextTestExecutionListener@32115b28, org.springframework.boot.test.mock.mockito.ResetMocksTestExecutionListener@2ad48653, org.springframework.boot.test.autoconfigure.restdocs.RestDocsTestExecutionListener@6bb4dd34, org.springframework.boot.test.autoconfigure.web.client.MockRestServiceServerResetTestExecutionListener@7d9f158f, org.springframework.boot.test.autoconfigure.web.servlet.MockMvcPrintOnlyOnFailureTestExecutionListener@45efd90f, org.springframework.boot.test.autoconfigure.web.servlet.WebDriverTestExecutionListener@4b8729ff]
09:25:08.294 [main] DEBUG org.springframework.test.annotation.ProfileValueUtils - Retrieved @ProfileValueSourceConfiguration [null] for test class [com.minikube.sample.MinikubeSampleApplicationTests]
09:25:08.295 [main] DEBUG org.springframework.test.annotation.ProfileValueUtils - Retrieved ProfileValueSource type [class org.springframework.test.annotation.SystemProfileValueSource] for class [com.minikube.sample.MinikubeSampleApplicationTests]
09:25:08.335 [main] DEBUG org.springframework.test.context.junit4.SpringJUnit4ClassRunner - SpringJUnit4ClassRunner constructor called with [class com.minikube.sample.MinikubeSampleApplicationTests]
09:25:08.336 [main] DEBUG org.springframework.test.context.BootstrapUtils - Instantiating CacheAwareContextLoaderDelegate from class [org.springframework.test.context.cache.DefaultCacheAwareContextLoaderDelegate]
09:25:08.336 [main] DEBUG org.springframework.test.context.BootstrapUtils - Instantiating BootstrapContext using constructor [public org.springframework.test.context.support.DefaultBootstrapContext(java.lang.Class,org.springframework.test.context.CacheAwareContextLoaderDelegate)]
09:25:08.337 [main] DEBUG org.springframework.test.context.BootstrapUtils - Instantiating TestContextBootstrapper for test class [com.minikube.sample.MinikubeSampleApplicationTests] from class [org.springframework.boot.test.context.SpringBootTestContextBootstrapper]
09:25:08.339 [main] INFO org.springframework.boot.test.context.SpringBootTestContextBootstrapper - Neither @ContextConfiguration nor @ContextHierarchy found for test class [com.minikube.sample.MinikubeSampleApplicationTests], using SpringBootContextLoader
09:25:08.340 [main] DEBUG org.springframework.test.context.support.AbstractContextLoader - Did not detect default resource location for test class [com.minikube.sample.MinikubeSampleApplicationTests]: class path resource [com/minikube/sample/MinikubeSampleApplicationTests-context.xml] does not exist
09:25:08.341 [main] DEBUG org.springframework.test.context.support.AbstractContextLoader - Did not detect default resource location for test class [com.minikube.sample.MinikubeSampleApplicationTests]: class path resource [com/minikube/sample/MinikubeSampleApplicationTestsContext.groovy] does not exist
09:25:08.341 [main] INFO org.springframework.test.context.support.AbstractContextLoader - Could not detect default resource locations for test class [com.minikube.sample.MinikubeSampleApplicationTests]: no resource found for suffixes {-context.xml, Context.groovy}.
09:25:08.342 [main] INFO org.springframework.test.context.support.AnnotationConfigContextLoaderUtils - Could not detect default configuration classes for test class [com.minikube.sample.MinikubeSampleApplicationTests]: MinikubeSampleApplicationTests does not declare any static, non-private, non-final, nested classes annotated with @Configuration.
09:25:08.347 [main] DEBUG org.springframework.test.context.support.ActiveProfilesUtils - Could not find an 'annotation declaring class' for annotation type [org.springframework.test.context.ActiveProfiles] and class [com.minikube.sample.MinikubeSampleApplicationTests]
09:25:08.348 [main] INFO org.springframework.boot.test.context.SpringBootTestContextBootstrapper - Found @SpringBootConfiguration com.minikube.sample.MinikubeSampleApplication for test class com.minikube.sample.MinikubeSampleApplicationTests
09:25:08.354 [main] DEBUG org.springframework.boot.test.context.SpringBootTestContextBootstrapper - @TestExecutionListeners is not present for class [com.minikube.sample.MinikubeSampleApplicationTests]: using defaults.
09:25:08.354 [main] INFO org.springframework.boot.test.context.SpringBootTestContextBootstrapper - Loaded default TestExecutionListener class names from location [META-INF/spring.factories]: [org.springframework.boot.test.mock.mockito.MockitoTestExecutionListener, org.springframework.boot.test.mock.mockito.ResetMocksTestExecutionListener, org.springframework.boot.test.autoconfigure.restdocs.RestDocsTestExecutionListener, org.springframework.boot.test.autoconfigure.web.client.MockRestServiceServerResetTestExecutionListener, org.springframework.boot.test.autoconfigure.web.servlet.MockMvcPrintOnlyOnFailureTestExecutionListener, org.springframework.boot.test.autoconfigure.web.servlet.WebDriverTestExecutionListener, org.springframework.test.context.web.ServletTestExecutionListener, org.springframework.test.context.support.DirtiesContextBeforeModesTestExecutionListener, org.springframework.test.context.support.DependencyInjectionTestExecutionListener, org.springframework.test.context.support.DirtiesContextTestExecutionListener, org.springframework.test.context.transaction.TransactionalTestExecutionListener, org.springframework.test.context.jdbc.SqlScriptsTestExecutionListener, org.springframework.test.context.event.EventPublishingTestExecutionListener, org.springframework.security.test.context.support.WithSecurityContextTestExecutionListener, org.springframework.security.test.context.support.ReactorContextTestExecutionListener]
09:25:08.356 [main] DEBUG org.springframework.boot.test.context.SpringBootTestContextBootstrapper - Skipping candidate TestExecutionListener [org.springframework.test.context.transaction.TransactionalTestExecutionListener] due to a missing dependency. Specify custom listener classes or make the default listener classes and their required dependencies available. Offending class: [org/springframework/transaction/interceptor/TransactionAttributeSource]
09:25:08.358 [main] DEBUG org.springframework.boot.test.context.SpringBootTestContextBootstrapper - Skipping candidate TestExecutionListener [org.springframework.test.context.jdbc.SqlScriptsTestExecutionListener] due to a missing dependency. Specify custom listener classes or make the default listener classes and their required dependencies available. Offending class: [org/springframework/transaction/interceptor/TransactionAttribute]
09:25:08.359 [main] INFO org.springframework.boot.test.context.SpringBootTestContextBootstrapper - Using TestExecutionListeners: [org.springframework.test.context.web.ServletTestExecutionListener@189cbd7c, org.springframework.test.context.support.DirtiesContextBeforeModesTestExecutionListener@7bf3a5d8, org.springframework.boot.test.mock.mockito.MockitoTestExecutionListener@42e25b0b, org.springframework.boot.test.autoconfigure.SpringBootDependencyInjectionTestExecutionListener@39b43d60, org.springframework.test.context.support.DirtiesContextTestExecutionListener@44be0077, org.springframework.test.context.event.EventPublishingTestExecutionListener@2205a05d, org.springframework.security.test.context.support.WithSecurityContextTestExecutionListener@72ef8d15, org.springframework.security.test.context.support.ReactorContextTestExecutionListener@6aa8e115, org.springframework.boot.test.mock.mockito.ResetMocksTestExecutionListener@5e21e98f, org.springframework.boot.test.autoconfigure.restdocs.RestDocsTestExecutionListener@51a9ad5e, org.springframework.boot.test.autoconfigure.web.client.MockRestServiceServerResetTestExecutionListener@5f20155b, org.springframework.boot.test.autoconfigure.web.servlet.MockMvcPrintOnlyOnFailureTestExecutionListener@72ade7e3, org.springframework.boot.test.autoconfigure.web.servlet.WebDriverTestExecutionListener@239105a8]
09:25:08.360 [main] DEBUG org.springframework.test.annotation.ProfileValueUtils - Retrieved @ProfileValueSourceConfiguration [null] for test class [com.minikube.sample.MinikubeSampleApplicationTests]
09:25:08.361 [main] DEBUG org.springframework.test.annotation.ProfileValueUtils - Retrieved ProfileValueSource type [class org.springframework.test.annotation.SystemProfileValueSource] for class [com.minikube.sample.MinikubeSampleApplicationTests]
09:25:08.442 [main] DEBUG org.springframework.test.annotation.ProfileValueUtils - Retrieved @ProfileValueSourceConfiguration [null] for test class [com.minikube.sample.MinikubeSampleApplicationTests]
09:25:08.443 [main] DEBUG org.springframework.test.annotation.ProfileValueUtils - Retrieved ProfileValueSource type [class org.springframework.test.annotation.SystemProfileValueSource] for class [com.minikube.sample.MinikubeSampleApplicationTests]
09:25:08.453 [main] DEBUG org.springframework.test.annotation.ProfileValueUtils - Retrieved @ProfileValueSourceConfiguration [null] for test class [com.minikube.sample.MinikubeSampleApplicationTests]
09:25:08.454 [main] DEBUG org.springframework.test.annotation.ProfileValueUtils - Retrieved ProfileValueSource type [class org.springframework.test.annotation.SystemProfileValueSource] for class [com.minikube.sample.MinikubeSampleApplicationTests]
09:25:08.456 [main] DEBUG org.springframework.test.annotation.ProfileValueUtils - Retrieved @ProfileValueSourceConfiguration [null] for test class [com.minikube.sample.MinikubeSampleApplicationTests]
09:25:08.456 [main] DEBUG org.springframework.test.annotation.ProfileValueUtils - Retrieved ProfileValueSource type [class org.springframework.test.annotation.SystemProfileValueSource] for class [com.minikube.sample.MinikubeSampleApplicationTests]
09:25:08.462 [main] DEBUG org.springframework.test.context.support.AbstractDirtiesContextTestExecutionListener - Before test class: context [DefaultTestContext@5ddcc487 testClass = MinikubeSampleApplicationTests, testInstance = [null], testMethod = [null], testException = [null], mergedContextConfiguration = [WebMergedContextConfiguration@16eccb2e testClass = MinikubeSampleApplicationTests, locations = '{}', classes = '{class com.minikube.sample.MinikubeSampleApplication}', contextInitializerClasses = '[]', activeProfiles = '{}', propertySourceLocations = '{}', propertySourceProperties = '{org.springframework.boot.test.context.SpringBootTestContextBootstrapper=true}', contextCustomizers = set[org.springframework.boot.test.context.filter.ExcludeFilterContextCustomizer@54d9d12d, org.springframework.boot.test.json.DuplicateJsonObjectContextCustomizerFactory$DuplicateJsonObjectContextCustomizer@702657cc, org.springframework.boot.test.mock.mockito.MockitoContextCustomizer@0, org.springframework.boot.test.web.client.TestRestTemplateContextCustomizer@682b2fa, org.springframework.boot.test.autoconfigure.properties.PropertyMappingContextCustomizer@0, org.springframework.boot.test.autoconfigure.web.servlet.WebDriverContextCustomizerFactory$Customizer@49438269], resourceBasePath = 'src/main/webapp', contextLoader = 'org.springframework.boot.test.context.SpringBootContextLoader', parent = [null]], attributes = map['org.springframework.test.context.web.ServletTestExecutionListener.activateListener' -> true]], class annotated with @DirtiesContext [false] with mode [null].
09:25:08.465 [main] DEBUG org.springframework.test.annotation.ProfileValueUtils - Retrieved @ProfileValueSourceConfiguration [null] for test class [com.minikube.sample.MinikubeSampleApplicationTests]
09:25:08.466 [main] DEBUG org.springframework.test.annotation.ProfileValueUtils - Retrieved ProfileValueSource type [class org.springframework.test.annotation.SystemProfileValueSource] for class [com.minikube.sample.MinikubeSampleApplicationTests]
09:25:08.506 [main] DEBUG org.springframework.test.context.support.TestPropertySourceUtils - Adding inlined properties to environment: {spring.jmx.enabled=false, org.springframework.boot.test.context.SpringBootTestContextBootstrapper=true, server.port=-1}
2025-10-20 09:25:09.548  INFO 50904 --- [           main] trationDelegate$BeanPostProcessorChecker : Bean 'org.springframework.cloud.autoconfigure.ConfigurationPropertiesRebinderAutoConfiguration' of type [org.springframework.cloud.autoconfigure.ConfigurationPropertiesRebinderAutoConfiguration] is not eligible for getting processed by all BeanPostProcessors (for example: not eligible for auto-proxying)
2025-10-20 09:25:09.589  WARN 50904 --- [           main] io.fabric8.kubernetes.client.Config      : Error reading service account token from: [/var/run/secrets/kubernetes.io/serviceaccount/token]. Ignoring.
2025-10-20 09:25:09.591  WARN 50904 --- [           main] io.fabric8.kubernetes.client.Config      : Error reading service account token from: [/var/run/secrets/kubernetes.io/serviceaccount/token]. Ignoring.
2025-10-20 09:25:09.592  WARN 50904 --- [           main] o.s.c.k.KubernetesAutoConfiguration      : No namespace has been detected. Please specify KUBERNETES_NAMESPACE env var, or use a later kubernetes version (1.3 or later)

  .   ____          _            __ _ _
 /\\ / ___'_ __ _ _(_)_ __  __ _ \ \ \ \
( ( )\___ | '_ | '_| | '_ \/ _` | \ \ \ \
 \\/  ___)| |_)| | | | | || (_| |  ) ) ) )
  '  |____| .__|_| |_|_| |_\__, | / / / /
 =========|_|==============|___/=/_/_/_/
 :: Spring Boot ::        (v2.2.1.RELEASE)

2025-10-20 09:25:10.365  WARN 50904 --- [           main] o.s.c.k.config.ConfigMapPropertySource   : Can't read configMap with name: [minikube-sample] in namespace:[default]. Ignoring.

io.fabric8.kubernetes.client.KubernetesClientException: Operation: [get]  for kind: [ConfigMap]  with name: [minikube-sample]  in namespace: [default]  failed.
	at io.fabric8.kubernetes.client.KubernetesClientException.launderThrowable(KubernetesClientException.java:64) ~[kubernetes-client-4.4.1.jar:na]
	at io.fabric8.kubernetes.client.KubernetesClientException.launderThrowable(KubernetesClientException.java:72) ~[kubernetes-client-4.4.1.jar:na]
	at io.fabric8.kubernetes.client.dsl.base.BaseOperation.getMandatory(BaseOperation.java:229) ~[kubernetes-client-4.4.1.jar:na]
	at io.fabric8.kubernetes.client.dsl.base.BaseOperation.get(BaseOperation.java:162) ~[kubernetes-client-4.4.1.jar:na]
	at org.springframework.cloud.kubernetes.config.ConfigMapPropertySource.getData(ConfigMapPropertySource.java:95) ~[spring-cloud-kubernetes-config-1.1.0.RELEASE.jar:1.1.0.RELEASE]
	at org.springframework.cloud.kubernetes.config.ConfigMapPropertySource.<init>(ConfigMapPropertySource.java:76) ~[spring-cloud-kubernetes-config-1.1.0.RELEASE.jar:1.1.0.RELEASE]
	at org.springframework.cloud.kubernetes.config.ConfigMapPropertySourceLocator.getMapPropertySourceForSingleConfigMap(ConfigMapPropertySourceLocator.java:95) ~[spring-cloud-kubernetes-config-1.1.0.RELEASE.jar:1.1.0.RELEASE]
	at org.springframework.cloud.kubernetes.config.ConfigMapPropertySourceLocator.lambda$locate$0(ConfigMapPropertySourceLocator.java:78) ~[spring-cloud-kubernetes-config-1.1.0.RELEASE.jar:1.1.0.RELEASE]
	at java.base/java.util.ArrayList.forEach(ArrayList.java:1511) ~[na:na]
	at org.springframework.cloud.kubernetes.config.ConfigMapPropertySourceLocator.locate(ConfigMapPropertySourceLocator.java:77) ~[spring-cloud-kubernetes-config-1.1.0.RELEASE.jar:1.1.0.RELEASE]
	at org.springframework.cloud.bootstrap.config.PropertySourceBootstrapConfiguration.initialize(PropertySourceBootstrapConfiguration.java:98) ~[spring-cloud-context-2.2.0.RELEASE.jar:2.2.0.RELEASE]
	at org.springframework.boot.SpringApplication.applyInitializers(SpringApplication.java:626) ~[spring-boot-2.2.1.RELEASE.jar:2.2.1.RELEASE]
	at org.springframework.boot.SpringApplication.prepareContext(SpringApplication.java:370) ~[spring-boot-2.2.1.RELEASE.jar:2.2.1.RELEASE]
	at org.springframework.boot.SpringApplication.run(SpringApplication.java:314) ~[spring-boot-2.2.1.RELEASE.jar:2.2.1.RELEASE]
	at org.springframework.boot.test.context.SpringBootContextLoader.loadContext(SpringBootContextLoader.java:125) ~[spring-boot-test-2.2.1.RELEASE.jar:2.2.1.RELEASE]
	at org.springframework.test.context.cache.DefaultCacheAwareContextLoaderDelegate.loadContextInternal(DefaultCacheAwareContextLoaderDelegate.java:99) ~[spring-test-5.2.1.RELEASE.jar:5.2.1.RELEASE]
	at org.springframework.test.context.cache.DefaultCacheAwareContextLoaderDelegate.loadContext(DefaultCacheAwareContextLoaderDelegate.java:124) ~[spring-test-5.2.1.RELEASE.jar:5.2.1.RELEASE]
	at org.springframework.test.context.support.DefaultTestContext.getApplicationContext(DefaultTestContext.java:123) ~[spring-test-5.2.1.RELEASE.jar:5.2.1.RELEASE]
	at org.springframework.test.context.web.ServletTestExecutionListener.setUpRequestContextIfNecessary(ServletTestExecutionListener.java:190) ~[spring-test-5.2.1.RELEASE.jar:5.2.1.RELEASE]
	at org.springframework.test.context.web.ServletTestExecutionListener.prepareTestInstance(ServletTestExecutionListener.java:132) ~[spring-test-5.2.1.RELEASE.jar:5.2.1.RELEASE]
	at org.springframework.test.context.TestContextManager.prepareTestInstance(TestContextManager.java:244) ~[spring-test-5.2.1.RELEASE.jar:5.2.1.RELEASE]
	at org.springframework.test.context.junit4.SpringJUnit4ClassRunner.createTest(SpringJUnit4ClassRunner.java:227) ~[spring-test-5.2.1.RELEASE.jar:5.2.1.RELEASE]
	at org.springframework.test.context.junit4.SpringJUnit4ClassRunner$1.runReflectiveCall(SpringJUnit4ClassRunner.java:289) ~[spring-test-5.2.1.RELEASE.jar:5.2.1.RELEASE]
	at org.junit.internal.runners.model.ReflectiveCallable.run(ReflectiveCallable.java:12) ~[junit-4.12.jar:4.12]
	at org.springframework.test.context.junit4.SpringJUnit4ClassRunner.methodBlock(SpringJUnit4ClassRunner.java:291) ~[spring-test-5.2.1.RELEASE.jar:5.2.1.RELEASE]
	at org.springframework.test.context.junit4.SpringJUnit4ClassRunner.runChild(SpringJUnit4ClassRunner.java:246) ~[spring-test-5.2.1.RELEASE.jar:5.2.1.RELEASE]
	at org.springframework.test.context.junit4.SpringJUnit4ClassRunner.runChild(SpringJUnit4ClassRunner.java:97) ~[spring-test-5.2.1.RELEASE.jar:5.2.1.RELEASE]
	at org.junit.runners.ParentRunner$3.run(ParentRunner.java:290) ~[junit-4.12.jar:4.12]
	at org.junit.runners.ParentRunner$1.schedule(ParentRunner.java:71) ~[junit-4.12.jar:4.12]
	at org.junit.runners.ParentRunner.runChildren(ParentRunner.java:288) ~[junit-4.12.jar:4.12]
	at org.junit.runners.ParentRunner.access$000(ParentRunner.java:58) ~[junit-4.12.jar:4.12]
	at org.junit.runners.ParentRunner$2.evaluate(ParentRunner.java:268) ~[junit-4.12.jar:4.12]
	at org.springframework.test.context.junit4.statements.RunBeforeTestClassCallbacks.evaluate(RunBeforeTestClassCallbacks.java:61) ~[spring-test-5.2.1.RELEASE.jar:5.2.1.RELEASE]
	at org.springframework.test.context.junit4.statements.RunAfterTestClassCallbacks.evaluate(RunAfterTestClassCallbacks.java:70) ~[spring-test-5.2.1.RELEASE.jar:5.2.1.RELEASE]
	at org.junit.runners.ParentRunner.run(ParentRunner.java:363) ~[junit-4.12.jar:4.12]
	at org.springframework.test.context.junit4.SpringJUnit4ClassRunner.run(SpringJUnit4ClassRunner.java:190) ~[spring-test-5.2.1.RELEASE.jar:5.2.1.RELEASE]
	at org.junit.runner.JUnitCore.run(JUnitCore.java:137) ~[junit-4.12.jar:4.12]
	at org.junit.runner.JUnitCore.run(JUnitCore.java:115) ~[junit-4.12.jar:4.12]
	at org.junit.vintage.engine.execution.RunnerExecutor.execute(RunnerExecutor.java:40) ~[junit-vintage-engine-5.5.2.jar:5.5.2]
	at java.base/java.util.stream.ForEachOps$ForEachOp$OfRef.accept(ForEachOps.java:183) ~[na:na]
	at java.base/java.util.stream.ReferencePipeline$3$1.accept(ReferencePipeline.java:197) ~[na:na]
	at java.base/java.util.Iterator.forEachRemaining(Iterator.java:133) ~[na:na]
	at java.base/java.util.Spliterators$IteratorSpliterator.forEachRemaining(Spliterators.java:1845) ~[na:na]
	at java.base/java.util.stream.AbstractPipeline.copyInto(AbstractPipeline.java:509) ~[na:na]
	at java.base/java.util.stream.AbstractPipeline.wrapAndCopyInto(AbstractPipeline.java:499) ~[na:na]
	at java.base/java.util.stream.ForEachOps$ForEachOp.evaluateSequential(ForEachOps.java:150) ~[na:na]
	at java.base/java.util.stream.ForEachOps$ForEachOp$OfRef.evaluateSequential(ForEachOps.java:173) ~[na:na]
	at java.base/java.util.stream.AbstractPipeline.evaluate(AbstractPipeline.java:234) ~[na:na]
	at java.base/java.util.stream.ReferencePipeline.forEach(ReferencePipeline.java:596) ~[na:na]
	at org.junit.vintage.engine.VintageTestEngine.executeAllChildren(VintageTestEngine.java:80) ~[junit-vintage-engine-5.5.2.jar:5.5.2]
	at org.junit.vintage.engine.VintageTestEngine.execute(VintageTestEngine.java:71) ~[junit-vintage-engine-5.5.2.jar:5.5.2]
	at org.junit.platform.launcher.core.DefaultLauncher.execute(DefaultLauncher.java:229) ~[junit-platform-launcher-1.5.2.jar:1.5.2]
	at org.junit.platform.launcher.core.DefaultLauncher.lambda$execute$6(DefaultLauncher.java:197) ~[junit-platform-launcher-1.5.2.jar:1.5.2]
	at org.junit.platform.launcher.core.DefaultLauncher.withInterceptedStreams(DefaultLauncher.java:211) ~[junit-platform-launcher-1.5.2.jar:1.5.2]
	at org.junit.platform.launcher.core.DefaultLauncher.execute(DefaultLauncher.java:191) ~[junit-platform-launcher-1.5.2.jar:1.5.2]
	at org.junit.platform.launcher.core.DefaultLauncher.execute(DefaultLauncher.java:128) ~[junit-platform-launcher-1.5.2.jar:1.5.2]
	at org.apache.maven.surefire.junitplatform.LazyLauncher.execute(LazyLauncher.java:56) ~[surefire-junit-platform-3.1.2.jar:3.1.2]
	at org.apache.maven.surefire.junitplatform.JUnitPlatformProvider.execute(JUnitPlatformProvider.java:184) ~[surefire-junit-platform-3.1.2.jar:3.1.2]
	at org.apache.maven.surefire.junitplatform.JUnitPlatformProvider.invokeAllTests(JUnitPlatformProvider.java:148) ~[surefire-junit-platform-3.1.2.jar:3.1.2]
	at org.apache.maven.surefire.junitplatform.JUnitPlatformProvider.invoke(JUnitPlatformProvider.java:122) ~[surefire-junit-platform-3.1.2.jar:3.1.2]
	at org.apache.maven.surefire.booter.ForkedBooter.runSuitesInProcess(ForkedBooter.java:385) ~[surefire-booter-3.1.2.jar:3.1.2]
	at org.apache.maven.surefire.booter.ForkedBooter.execute(ForkedBooter.java:162) ~[surefire-booter-3.1.2.jar:3.1.2]
	at org.apache.maven.surefire.booter.ForkedBooter.run(ForkedBooter.java:507) ~[surefire-booter-3.1.2.jar:3.1.2]
	at org.apache.maven.surefire.booter.ForkedBooter.main(ForkedBooter.java:495) ~[surefire-booter-3.1.2.jar:3.1.2]
Caused by: java.net.UnknownHostException: kubernetes.default.svc: Name or service not known
	at java.base/java.net.Inet6AddressImpl.lookupAllHostAddr(Native Method) ~[na:na]
	at java.base/java.net.InetAddress$PlatformNameService.lookupAllHostAddr(InetAddress.java:934) ~[na:na]
	at java.base/java.net.InetAddress.getAddressesFromNameService(InetAddress.java:1543) ~[na:na]
	at java.base/java.net.InetAddress$NameServiceAddresses.get(InetAddress.java:852) ~[na:na]
	at java.base/java.net.InetAddress.getAllByName0(InetAddress.java:1533) ~[na:na]
	at java.base/java.net.InetAddress.getAllByName(InetAddress.java:1385) ~[na:na]
	at java.base/java.net.InetAddress.getAllByName(InetAddress.java:1306) ~[na:na]
	at okhttp3.Dns.lambda$static$0(Dns.java:39) ~[okhttp-3.14.4.jar:na]
	at okhttp3.internal.connection.RouteSelector.resetNextInetSocketAddress(RouteSelector.java:171) ~[okhttp-3.14.4.jar:na]
	at okhttp3.internal.connection.RouteSelector.nextProxy(RouteSelector.java:135) ~[okhttp-3.14.4.jar:na]
	at okhttp3.internal.connection.RouteSelector.next(RouteSelector.java:84) ~[okhttp-3.14.4.jar:na]
	at okhttp3.internal.connection.ExchangeFinder.findConnection(ExchangeFinder.java:187) ~[okhttp-3.14.4.jar:na]
	at okhttp3.internal.connection.ExchangeFinder.findHealthyConnection(ExchangeFinder.java:108) ~[okhttp-3.14.4.jar:na]
	at okhttp3.internal.connection.ExchangeFinder.find(ExchangeFinder.java:88) ~[okhttp-3.14.4.jar:na]
	at okhttp3.internal.connection.Transmitter.newExchange(Transmitter.java:169) ~[okhttp-3.14.4.jar:na]
	at okhttp3.internal.connection.ConnectInterceptor.intercept(ConnectInterceptor.java:41) ~[okhttp-3.14.4.jar:na]
	at okhttp3.internal.http.RealInterceptorChain.proceed(RealInterceptorChain.java:142) ~[okhttp-3.14.4.jar:na]
	at okhttp3.internal.http.RealInterceptorChain.proceed(RealInterceptorChain.java:117) ~[okhttp-3.14.4.jar:na]
	at okhttp3.internal.cache.CacheInterceptor.intercept(CacheInterceptor.java:94) ~[okhttp-3.14.4.jar:na]
	at okhttp3.internal.http.RealInterceptorChain.proceed(RealInterceptorChain.java:142) ~[okhttp-3.14.4.jar:na]
	at okhttp3.internal.http.RealInterceptorChain.proceed(RealInterceptorChain.java:117) ~[okhttp-3.14.4.jar:na]
	at okhttp3.internal.http.BridgeInterceptor.intercept(BridgeInterceptor.java:93) ~[okhttp-3.14.4.jar:na]
	at okhttp3.internal.http.RealInterceptorChain.proceed(RealInterceptorChain.java:142) ~[okhttp-3.14.4.jar:na]
	at okhttp3.internal.http.RetryAndFollowUpInterceptor.intercept(RetryAndFollowUpInterceptor.java:88) ~[okhttp-3.14.4.jar:na]
	at okhttp3.internal.http.RealInterceptorChain.proceed(RealInterceptorChain.java:142) ~[okhttp-3.14.4.jar:na]
	at okhttp3.internal.http.RealInterceptorChain.proceed(RealInterceptorChain.java:117) ~[okhttp-3.14.4.jar:na]
	at io.fabric8.kubernetes.client.utils.BackwardsCompatibilityInterceptor.intercept(BackwardsCompatibilityInterceptor.java:119) ~[kubernetes-client-4.4.1.jar:na]
	at okhttp3.internal.http.RealInterceptorChain.proceed(RealInterceptorChain.java:142) ~[okhttp-3.14.4.jar:na]
	at okhttp3.internal.http.RealInterceptorChain.proceed(RealInterceptorChain.java:117) ~[okhttp-3.14.4.jar:na]
	at io.fabric8.kubernetes.client.utils.ImpersonatorInterceptor.intercept(ImpersonatorInterceptor.java:68) ~[kubernetes-client-4.4.1.jar:na]
	at okhttp3.internal.http.RealInterceptorChain.proceed(RealInterceptorChain.java:142) ~[okhttp-3.14.4.jar:na]
	at okhttp3.internal.http.RealInterceptorChain.proceed(RealInterceptorChain.java:117) ~[okhttp-3.14.4.jar:na]
	at io.fabric8.kubernetes.client.utils.HttpClientUtils.lambda$createHttpClient$3(HttpClientUtils.java:112) ~[kubernetes-client-4.4.1.jar:na]
	at okhttp3.internal.http.RealInterceptorChain.proceed(RealInterceptorChain.java:142) ~[okhttp-3.14.4.jar:na]
	at okhttp3.internal.http.RealInterceptorChain.proceed(RealInterceptorChain.java:117) ~[okhttp-3.14.4.jar:na]
	at okhttp3.RealCall.getResponseWithInterceptorChain(RealCall.java:229) ~[okhttp-3.14.4.jar:na]
	at okhttp3.RealCall.execute(RealCall.java:81) ~[okhttp-3.14.4.jar:na]
	at io.fabric8.kubernetes.client.dsl.base.OperationSupport.handleResponse(OperationSupport.java:404) ~[kubernetes-client-4.4.1.jar:na]
	at io.fabric8.kubernetes.client.dsl.base.OperationSupport.handleResponse(OperationSupport.java:365) ~[kubernetes-client-4.4.1.jar:na]
	at io.fabric8.kubernetes.client.dsl.base.OperationSupport.handleGet(OperationSupport.java:330) ~[kubernetes-client-4.4.1.jar:na]
	at io.fabric8.kubernetes.client.dsl.base.OperationSupport.handleGet(OperationSupport.java:311) ~[kubernetes-client-4.4.1.jar:na]
	at io.fabric8.kubernetes.client.dsl.base.BaseOperation.handleGet(BaseOperation.java:810) ~[kubernetes-client-4.4.1.jar:na]
	at io.fabric8.kubernetes.client.dsl.base.BaseOperation.getMandatory(BaseOperation.java:218) ~[kubernetes-client-4.4.1.jar:na]
	... 61 common frames omitted

2025-10-20 09:25:10.374  INFO 50904 --- [           main] b.c.PropertySourceBootstrapConfiguration : Located property source: CompositePropertySource {name='composite-configmap', propertySources=[ConfigMapPropertySource@2112373743 {name='configmap.minikube-sample.default', properties={}}]}
2025-10-20 09:25:10.378  INFO 50904 --- [           main] b.c.PropertySourceBootstrapConfiguration : Located property source: CompositePropertySource {name='composite-secrets', propertySources=[]}
2025-10-20 09:25:10.440  INFO 50904 --- [           main] c.m.s.MinikubeSampleApplicationTests     : No active profile set, falling back to default profiles: default
2025-10-20 09:25:11.401  INFO 50904 --- [           main] o.s.cloud.context.scope.GenericScope     : BeanFactory id=da3756a9-a7fb-3588-9466-4d57f87b75b6
2025-10-20 09:25:11.635  INFO 50904 --- [           main] trationDelegate$BeanPostProcessorChecker : Bean 'org.springframework.cloud.autoconfigure.ConfigurationPropertiesRebinderAutoConfiguration' of type [org.springframework.cloud.autoconfigure.ConfigurationPropertiesRebinderAutoConfiguration] is not eligible for getting processed by all BeanPostProcessors (for example: not eligible for auto-proxying)
2025-10-20 09:25:12.266  INFO 50904 --- [           main] o.s.s.concurrent.ThreadPoolTaskExecutor  : Initializing ExecutorService 'applicationTaskExecutor'
2025-10-20 09:25:12.882  WARN 50904 --- [default.svc/...] i.f.k.c.d.i.WatchConnectionManager       : Exec Failure

java.net.UnknownHostException: kubernetes.default.svc
	at java.base/java.net.InetAddress$CachedAddresses.get(InetAddress.java:801) ~[na:na]
	at java.base/java.net.InetAddress.getAllByName0(InetAddress.java:1533) ~[na:na]
	at java.base/java.net.InetAddress.getAllByName(InetAddress.java:1385) ~[na:na]
	at java.base/java.net.InetAddress.getAllByName(InetAddress.java:1306) ~[na:na]
	at okhttp3.Dns.lambda$static$0(Dns.java:39) ~[okhttp-3.14.4.jar:na]
	at okhttp3.internal.connection.RouteSelector.resetNextInetSocketAddress(RouteSelector.java:171) ~[okhttp-3.14.4.jar:na]
	at okhttp3.internal.connection.RouteSelector.nextProxy(RouteSelector.java:135) ~[okhttp-3.14.4.jar:na]
	at okhttp3.internal.connection.RouteSelector.next(RouteSelector.java:84) ~[okhttp-3.14.4.jar:na]
	at okhttp3.internal.connection.ExchangeFinder.findConnection(ExchangeFinder.java:187) ~[okhttp-3.14.4.jar:na]
	at okhttp3.internal.connection.ExchangeFinder.findHealthyConnection(ExchangeFinder.java:108) ~[okhttp-3.14.4.jar:na]
	at okhttp3.internal.connection.ExchangeFinder.find(ExchangeFinder.java:88) ~[okhttp-3.14.4.jar:na]
	at okhttp3.internal.connection.Transmitter.newExchange(Transmitter.java:169) ~[okhttp-3.14.4.jar:na]
	at okhttp3.internal.connection.ConnectInterceptor.intercept(ConnectInterceptor.java:41) ~[okhttp-3.14.4.jar:na]
	at okhttp3.internal.http.RealInterceptorChain.proceed(RealInterceptorChain.java:142) ~[okhttp-3.14.4.jar:na]
	at okhttp3.internal.http.RealInterceptorChain.proceed(RealInterceptorChain.java:117) ~[okhttp-3.14.4.jar:na]
	at okhttp3.internal.cache.CacheInterceptor.intercept(CacheInterceptor.java:94) ~[okhttp-3.14.4.jar:na]
	at okhttp3.internal.http.RealInterceptorChain.proceed(RealInterceptorChain.java:142) ~[okhttp-3.14.4.jar:na]
	at okhttp3.internal.http.RealInterceptorChain.proceed(RealInterceptorChain.java:117) ~[okhttp-3.14.4.jar:na]
	at okhttp3.internal.http.BridgeInterceptor.intercept(BridgeInterceptor.java:93) ~[okhttp-3.14.4.jar:na]
	at okhttp3.internal.http.RealInterceptorChain.proceed(RealInterceptorChain.java:142) ~[okhttp-3.14.4.jar:na]
	at okhttp3.internal.http.RetryAndFollowUpInterceptor.intercept(RetryAndFollowUpInterceptor.java:88) ~[okhttp-3.14.4.jar:na]
	at okhttp3.internal.http.RealInterceptorChain.proceed(RealInterceptorChain.java:142) ~[okhttp-3.14.4.jar:na]
	at okhttp3.internal.http.RealInterceptorChain.proceed(RealInterceptorChain.java:117) ~[okhttp-3.14.4.jar:na]
	at io.fabric8.kubernetes.client.utils.BackwardsCompatibilityInterceptor.intercept(BackwardsCompatibilityInterceptor.java:119) ~[kubernetes-client-4.4.1.jar:na]
	at okhttp3.internal.http.RealInterceptorChain.proceed(RealInterceptorChain.java:142) ~[okhttp-3.14.4.jar:na]
	at okhttp3.internal.http.RealInterceptorChain.proceed(RealInterceptorChain.java:117) ~[okhttp-3.14.4.jar:na]
	at io.fabric8.kubernetes.client.utils.ImpersonatorInterceptor.intercept(ImpersonatorInterceptor.java:68) ~[kubernetes-client-4.4.1.jar:na]
	at okhttp3.internal.http.RealInterceptorChain.proceed(RealInterceptorChain.java:142) ~[okhttp-3.14.4.jar:na]
	at okhttp3.internal.http.RealInterceptorChain.proceed(RealInterceptorChain.java:117) ~[okhttp-3.14.4.jar:na]
	at io.fabric8.kubernetes.client.utils.HttpClientUtils.lambda$createHttpClient$3(HttpClientUtils.java:112) ~[kubernetes-client-4.4.1.jar:na]
	at okhttp3.internal.http.RealInterceptorChain.proceed(RealInterceptorChain.java:142) ~[okhttp-3.14.4.jar:na]
	at okhttp3.internal.http.RealInterceptorChain.proceed(RealInterceptorChain.java:117) ~[okhttp-3.14.4.jar:na]
	at okhttp3.RealCall.getResponseWithInterceptorChain(RealCall.java:229) ~[okhttp-3.14.4.jar:na]
	at okhttp3.RealCall$AsyncCall.execute(RealCall.java:172) ~[okhttp-3.14.4.jar:na]
	at okhttp3.internal.NamedRunnable.run(NamedRunnable.java:32) ~[okhttp-3.14.4.jar:na]
	at java.base/java.util.concurrent.ThreadPoolExecutor.runWorker(ThreadPoolExecutor.java:1136) ~[na:na]
	at java.base/java.util.concurrent.ThreadPoolExecutor$Worker.run(ThreadPoolExecutor.java:635) ~[na:na]
	at java.base/java.lang.Thread.run(Thread.java:840) ~[na:na]

2025-10-20 09:25:12.886 ERROR 50904 --- [           main] .r.EventBasedConfigurationChangeDetector : Error while establishing a connection to watch config maps: configuration may remain stale

io.fabric8.kubernetes.client.KubernetesClientException: Failed to start websocket
	at io.fabric8.kubernetes.client.dsl.internal.WatchConnectionManager$1.onFailure(WatchConnectionManager.java:209) ~[kubernetes-client-4.4.1.jar:na]
	at okhttp3.internal.ws.RealWebSocket.failWebSocket(RealWebSocket.java:570) ~[okhttp-3.14.4.jar:na]
	at okhttp3.internal.ws.RealWebSocket$1.onFailure(RealWebSocket.java:216) ~[okhttp-3.14.4.jar:na]
	at okhttp3.RealCall$AsyncCall.execute(RealCall.java:180) ~[okhttp-3.14.4.jar:na]
	at okhttp3.internal.NamedRunnable.run(NamedRunnable.java:32) ~[okhttp-3.14.4.jar:na]
	at java.base/java.util.concurrent.ThreadPoolExecutor.runWorker(ThreadPoolExecutor.java:1136) ~[na:na]
	at java.base/java.util.concurrent.ThreadPoolExecutor$Worker.run(ThreadPoolExecutor.java:635) ~[na:na]
	at java.base/java.lang.Thread.run(Thread.java:840) ~[na:na]
Caused by: java.net.UnknownHostException: kubernetes.default.svc
	at java.base/java.net.InetAddress$CachedAddresses.get(InetAddress.java:801) ~[na:na]
	at java.base/java.net.InetAddress.getAllByName0(InetAddress.java:1533) ~[na:na]
	at java.base/java.net.InetAddress.getAllByName(InetAddress.java:1385) ~[na:na]
	at java.base/java.net.InetAddress.getAllByName(InetAddress.java:1306) ~[na:na]
	at okhttp3.Dns.lambda$static$0(Dns.java:39) ~[okhttp-3.14.4.jar:na]
	at okhttp3.internal.connection.RouteSelector.resetNextInetSocketAddress(RouteSelector.java:171) ~[okhttp-3.14.4.jar:na]
	at okhttp3.internal.connection.RouteSelector.nextProxy(RouteSelector.java:135) ~[okhttp-3.14.4.jar:na]
	at okhttp3.internal.connection.RouteSelector.next(RouteSelector.java:84) ~[okhttp-3.14.4.jar:na]
	at okhttp3.internal.connection.ExchangeFinder.findConnection(ExchangeFinder.java:187) ~[okhttp-3.14.4.jar:na]
	at okhttp3.internal.connection.ExchangeFinder.findHealthyConnection(ExchangeFinder.java:108) ~[okhttp-3.14.4.jar:na]
	at okhttp3.internal.connection.ExchangeFinder.find(ExchangeFinder.java:88) ~[okhttp-3.14.4.jar:na]
	at okhttp3.internal.connection.Transmitter.newExchange(Transmitter.java:169) ~[okhttp-3.14.4.jar:na]
	at okhttp3.internal.connection.ConnectInterceptor.intercept(ConnectInterceptor.java:41) ~[okhttp-3.14.4.jar:na]
	at okhttp3.internal.http.RealInterceptorChain.proceed(RealInterceptorChain.java:142) ~[okhttp-3.14.4.jar:na]
	at okhttp3.internal.http.RealInterceptorChain.proceed(RealInterceptorChain.java:117) ~[okhttp-3.14.4.jar:na]
	at okhttp3.internal.cache.CacheInterceptor.intercept(CacheInterceptor.java:94) ~[okhttp-3.14.4.jar:na]
	at okhttp3.internal.http.RealInterceptorChain.proceed(RealInterceptorChain.java:142) ~[okhttp-3.14.4.jar:na]
	at okhttp3.internal.http.RealInterceptorChain.proceed(RealInterceptorChain.java:117) ~[okhttp-3.14.4.jar:na]
	at okhttp3.internal.http.BridgeInterceptor.intercept(BridgeInterceptor.java:93) ~[okhttp-3.14.4.jar:na]
	at okhttp3.internal.http.RealInterceptorChain.proceed(RealInterceptorChain.java:142) ~[okhttp-3.14.4.jar:na]
	at okhttp3.internal.http.RetryAndFollowUpInterceptor.intercept(RetryAndFollowUpInterceptor.java:88) ~[okhttp-3.14.4.jar:na]
	at okhttp3.internal.http.RealInterceptorChain.proceed(RealInterceptorChain.java:142) ~[okhttp-3.14.4.jar:na]
	at okhttp3.internal.http.RealInterceptorChain.proceed(RealInterceptorChain.java:117) ~[okhttp-3.14.4.jar:na]
	at io.fabric8.kubernetes.client.utils.BackwardsCompatibilityInterceptor.intercept(BackwardsCompatibilityInterceptor.java:119) ~[kubernetes-client-4.4.1.jar:na]
	at okhttp3.internal.http.RealInterceptorChain.proceed(RealInterceptorChain.java:142) ~[okhttp-3.14.4.jar:na]
	at okhttp3.internal.http.RealInterceptorChain.proceed(RealInterceptorChain.java:117) ~[okhttp-3.14.4.jar:na]
	at io.fabric8.kubernetes.client.utils.ImpersonatorInterceptor.intercept(ImpersonatorInterceptor.java:68) ~[kubernetes-client-4.4.1.jar:na]
	at okhttp3.internal.http.RealInterceptorChain.proceed(RealInterceptorChain.java:142) ~[okhttp-3.14.4.jar:na]
	at okhttp3.internal.http.RealInterceptorChain.proceed(RealInterceptorChain.java:117) ~[okhttp-3.14.4.jar:na]
	at io.fabric8.kubernetes.client.utils.HttpClientUtils.lambda$createHttpClient$3(HttpClientUtils.java:112) ~[kubernetes-client-4.4.1.jar:na]
	at okhttp3.internal.http.RealInterceptorChain.proceed(RealInterceptorChain.java:142) ~[okhttp-3.14.4.jar:na]
	at okhttp3.internal.http.RealInterceptorChain.proceed(RealInterceptorChain.java:117) ~[okhttp-3.14.4.jar:na]
	at okhttp3.RealCall.getResponseWithInterceptorChain(RealCall.java:229) ~[okhttp-3.14.4.jar:na]
	at okhttp3.RealCall$AsyncCall.execute(RealCall.java:172) ~[okhttp-3.14.4.jar:na]
	... 4 common frames omitted

2025-10-20 09:25:12.901  INFO 50904 --- [           main] o.s.b.a.e.web.EndpointLinksResolver      : Exposing 2 endpoint(s) beneath base path '/actuator'
2025-10-20 09:25:12.996  INFO 50904 --- [           main] c.m.s.MinikubeSampleApplicationTests     : Started MinikubeSampleApplicationTests in 4.477 seconds (JVM running for 5.846)
]]></system-out>
    <system-err><![CDATA[Exception in thread "OkHttp Dispatcher" java.util.concurrent.RejectedExecutionException: Task java.util.concurrent.ScheduledThreadPoolExecutor$ScheduledFutureTask@1dda0948[Not completed, task = java.util.concurrent.Executors$RunnableAdapter@5471151d[Wrapped task = io.fabric8.kubernetes.client.dsl.internal.WatchConnectionManager$2@6cc80084]] rejected from java.util.concurrent.ScheduledThreadPoolExecutor@47bd8693[Terminated, pool size = 0, active threads = 0, queued tasks = 0, completed tasks = 0]
	at java.base/java.util.concurrent.ThreadPoolExecutor$AbortPolicy.rejectedExecution(ThreadPoolExecutor.java:2065)
	at java.base/java.util.concurrent.ThreadPoolExecutor.reject(ThreadPoolExecutor.java:833)
	at java.base/java.util.concurrent.ScheduledThreadPoolExecutor.delayedExecute(ScheduledThreadPoolExecutor.java:340)
	at java.base/java.util.concurrent.ScheduledThreadPoolExecutor.schedule(ScheduledThreadPoolExecutor.java:562)
	at java.base/java.util.concurrent.ScheduledThreadPoolExecutor.submit(ScheduledThreadPoolExecutor.java:715)
	at java.base/java.util.concurrent.Executors$DelegatedExecutorService.submit(Executors.java:748)
	at io.fabric8.kubernetes.client.dsl.internal.WatchConnectionManager.scheduleReconnect(WatchConnectionManager.java:305)
	at io.fabric8.kubernetes.client.dsl.internal.WatchConnectionManager.access$800(WatchConnectionManager.java:48)
	at io.fabric8.kubernetes.client.dsl.internal.WatchConnectionManager$1.onFailure(WatchConnectionManager.java:218)
	at okhttp3.internal.ws.RealWebSocket.failWebSocket(RealWebSocket.java:570)
	at okhttp3.internal.ws.RealWebSocket$1.onFailure(RealWebSocket.java:216)
	at okhttp3.RealCall$AsyncCall.execute(RealCall.java:180)
	at okhttp3.internal.NamedRunnable.run(NamedRunnable.java:32)
	at java.base/java.util.concurrent.ThreadPoolExecutor.runWorker(ThreadPoolExecutor.java:1136)
	at java.base/java.util.concurrent.ThreadPoolExecutor$Worker.run(ThreadPoolExecutor.java:635)
	at java.base/java.lang.Thread.run(Thread.java:840)
]]></system-err>
  </testcase>
</testsuite>